2025-08-30 22:28:25.142 [info] Log level: Info
2025-08-30 22:28:25.142 [info] VSCODE_MACHINE_ID: 4e556b90-ebef-43d2-b408-b37c408786ca
2025-08-30 22:28:25.142 [info] VSCODE_SESSION_ID: f5661179-055c-40a4-9125-d2842d2ad8051756592899931
2025-08-30 22:28:25.142 [info] VSCODE_VERSION: 1.102.3
2025-08-30 22:28:25.142 [info] VSCODE_APP_NAME: Gitpod Code
2025-08-30 22:28:25.142 [info] VSCODE_APP_HOST: Gitpod
2025-08-30 22:28:25.142 [info] VSCODE_UI_KIND: web
2025-08-30 22:28:25.142 [info] GITPOD_WORKSPACE_CONTEXT_URL: https://github.com/Caitriona71/boutiqueado_v4cb
2025-08-30 22:28:25.142 [info] GITPOD_INSTANCE_ID: cb5f2828-72d0-408f-adff-21f91d8382f3
2025-08-30 22:28:25.142 [info] GITPOD_WORKSPACE_URL: https://caitriona71-boutiqueado-vvglewcpvhr.ws-eu121.gitpod.io
2025-08-30 22:28:25.142 [info] Gitpod Web 3953e81
2025-08-30 22:28:25.142 [info] Reading sessions from keychain...
2025-08-30 22:28:25.340 [info] Got stored sessions!
2025-08-30 22:28:25.343 [info] Getting sessions for all scopes...
2025-08-30 22:28:25.343 [info] Getting GitHub sessions for all scopes...
2025-08-30 22:28:25.674 [info] Verified session with the following scopes: function:accessCodeSyncStorage function:closePort function:controlAdmission function:deleteEnvVar function:generateNewGitpodToken function:getDefaultWorkspaceImage function:getGitpodTokenScopes function:getIDToken function:getLoggedInUser function:getOpenPorts function:getSupportedWorkspaceClasses function:getTeams function:getToken function:getWorkspace function:getWorkspaceEnvVars function:getWorkspaceOwner function:getWorkspaceTimeout function:getWorkspaceUsers function:guessGitTokenScopes function:isWorkspaceOwner function:openPort function:sendHeartBeat function:setEnvVar function:setWorkspaceTimeout function:stopWorkspace function:takeSnapshot function:trackEvent function:updateGitStatus function:waitForSnapshot resource:contentBlob::*::create/get resource:envVar::*/**::update resource:envVar::*/*::update resource:envVar::Caitriona71/boutiqueado_v4cb::create/get/update/delete resource:gitpodToken::*::create resource:snapshot::ws-caitriona71-boutiqueado-vvglewcpvhr::create resource:token::*::get resource:userStorage::*::create/get/update resource:workspace::caitriona71-boutiqueado-vvglewcpvhr::get/update resource:workspaceInstance::cb5f2828-72d0-408f-adff-21f91d8382f3::get/update/delete
2025-08-30 22:28:25.675 [info] Got 1 verified sessions.
2025-08-30 22:28:25.675 [info] Got 1 sessions for all scopes...
2025-08-30 22:28:25.675 [info] Getting sessions for all scopes...
2025-08-30 22:28:25.675 [info] Got 1 sessions for all scopes...
2025-08-30 22:28:25.675 [info] Getting sessions for all scopes...
2025-08-30 22:28:25.675 [info] Got 1 sessions for all scopes...
2025-08-30 22:28:25.675 [info] Getting sessions for all scopes...
2025-08-30 22:28:25.675 [info] Got 1 sessions for all scopes...
2025-08-30 22:28:25.675 [info] Getting sessions for all scopes...
2025-08-30 22:28:25.675 [info] Got 1 sessions for all scopes...
2025-08-30 22:28:26.441 [info] Getting sessions for all scopes...
2025-08-30 22:28:26.441 [info] Got 1 sessions for all scopes...
2025-08-30 22:28:26.576 [info] Got 1 GitHub sessions for all scopes...
2025-08-30 22:28:26.577 [info] Getting GitHub sessions for all scopes...
2025-08-30 22:28:26.577 [info] Got 1 GitHub sessions for all scopes...
2025-08-30 22:28:26.577 [info] Getting GitHub sessions for all scopes...
2025-08-30 22:28:26.577 [info] Got 1 GitHub sessions for all scopes...
2025-08-30 22:28:26.577 [info] Getting GitHub sessions for all scopes...
2025-08-30 22:28:26.577 [info] Got 1 GitHub sessions for all scopes...
2025-08-30 22:28:26.577 [info] Getting GitHub sessions for read:user,repo,user:email,workflow...
2025-08-30 22:28:26.577 [info] Got 1 GitHub sessions for read:user,repo,user:email,workflow...
2025-08-30 22:28:26.577 [info] Getting GitHub sessions for project,read:org,read:user,repo,user:email,workflow...
2025-08-30 22:28:26.577 [info] Got 0 GitHub sessions for project,read:org,read:user,repo,user:email,workflow...
2025-08-30 22:28:26.671 [info] Getting GitHub sessions for all scopes...
2025-08-30 22:28:26.671 [info] Got 1 GitHub sessions for all scopes...
2025-08-30 22:28:26.773 [info] Getting GitHub sessions for read:user,repo,user:email,workflow...
2025-08-30 22:28:26.774 [info] Got 1 GitHub sessions for read:user,repo,user:email,workflow...
2025-08-30 22:28:41.097 [info] Getting sessions for function:accessCodeSyncStorage...
2025-08-30 22:28:41.097 [info] Got 1 sessions for function:accessCodeSyncStorage...
